<?xml version="1.0" encoding="UTF-8"?>
<!-- Generated by org.testng.reporters.JUnitXMLReporter -->
<testsuite ignored="2" hostname="DESKTOP-SAQ53MG" failures="0" tests="2" name="Car Loan" time="0.102" errors="0" timestamp="2024-11-17T15:02:22 IST">
  <testcase classname="test.Day3" name="APICarLoan" time="0.008"/>
  <testcase classname="test.Day3" name="WebloginCarLoan" time="0.002"/>
  <testcase classname="test.Day3" name="Mobilesignout" time="0.0">
    <ignored/>
  </testcase> <!-- Mobilesignout -->
  <testcase classname="test.Day3" name="MobileloginCarLoan" time="0.0">
    <ignored/>
  </testcase> <!-- MobileloginCarLoan -->
</testsuite> <!-- Car Loan -->
