<?xml version="1.0" encoding="UTF-8"?>
<!-- Generated by org.testng.reporters.JUnitXMLReporter -->
<testsuite ignored="1" hostname="DESKTOP-SAQ53MG" failures="0" tests="2" name="Home Loan" time="0.02" errors="0" timestamp="2024-11-17T15:02:22 IST">
  <testcase classname="test.Day4" name="MobileloginHomeLoan" time="0.006"/>
  <testcase classname="test.Day4" name="loginAPIHomeLoan" time="0.001"/>
  <testcase classname="test.Day4" name="WebloginHomeLoan" time="0.0">
    <ignored/>
  </testcase> <!-- WebloginHomeLoan -->
</testsuite> <!-- Home Loan -->
