<?xml version="1.0" encoding="UTF-8"?>
<!-- Generated by org.testng.reporters.JUnitXMLReporter -->
<testsuite ignored="0" hostname="DESKTOP-SAQ53MG" failures="0" tests="9" name="Regrssion" time="0.137" errors="0" timestamp="2024-11-16T18:36:15 IST">
  <testcase classname="test.Day1" name="Demo" time="0.008"/>
  <testcase classname="test.Day1" name="SecondTest" time="0.002"/>
  <testcase classname="test.Day2" name="ploan" time="0.002"/>
  <testcase classname="test.Day3" name="APICarLoan" time="0.002"/>
  <testcase classname="test.Day3" name="WebloginCarLoan" time="0.003"/>
  <testcase classname="test.Day3" name="MobileloginCarLoan" time="0.002"/>
  <testcase classname="test.Day4" name="MobileloginHomeLoan" time="0.002"/>
  <testcase classname="test.Day4" name="WebloginHomeLoan" time="0.002"/>
  <testcase classname="test.Day4" name="loginAPIHomeLoan" time="0.002"/>
</testsuite> <!-- Regrssion -->
