<?xml version="1.0" encoding="UTF-8"?>
<testng-results ignored="0" total="2" passed="2" failed="0" skipped="0">
  <reporter-output>
  </reporter-output>
  <suite started-at="2024-11-17T18:07:55 IST" name="Default suite" finished-at="2024-11-17T18:07:55 IST" duration-ms="92">
    <groups>
    </groups>
    <test started-at="2024-11-17T18:07:55 IST" name="Default test" finished-at="2024-11-17T18:07:55 IST" duration-ms="92">
      <class name="oopsConceptUsedFrame.Ps1">
        <test-method is-config="true" signature="before()[pri:0, instance:oopsConceptUsedFrame.Ps1@173ed316]" started-at="2024-11-17T18:07:55 IST" name="before" finished-at="2024-11-17T18:07:55 IST" duration-ms="14" status="PASS">
          <reporter-output>
          </reporter-output>
        </test-method> <!-- before -->
        <test-method signature="DoThis()[pri:0, instance:oopsConceptUsedFrame.Ps1@173ed316]" started-at="2024-11-17T18:07:55 IST" name="DoThis" finished-at="2024-11-17T18:07:55 IST" duration-ms="9" status="PASS">
          <reporter-output>
          </reporter-output>
        </test-method> <!-- DoThis -->
        <test-method signature="TestRun()[pri:0, instance:oopsConceptUsedFrame.Ps1@173ed316]" started-at="2024-11-17T18:07:55 IST" name="TestRun" finished-at="2024-11-17T18:07:55 IST" duration-ms="4" status="PASS">
          <reporter-output>
          </reporter-output>
        </test-method> <!-- TestRun -->
        <test-method is-config="true" signature="after()[pri:0, instance:oopsConceptUsedFrame.Ps1@173ed316]" started-at="2024-11-17T18:07:55 IST" name="after" finished-at="2024-11-17T18:07:55 IST" duration-ms="0" status="PASS">
          <reporter-output>
          </reporter-output>
        </test-method> <!-- after -->
      </class> <!-- oopsConceptUsedFrame.Ps1 -->
    </test> <!-- Default test -->
  </suite> <!-- Default suite -->
</testng-results>
